[2020-09-13 06:40:50] merlin-logger.DEBUG: The welcome step has been displayed [] []
[2020-09-13 06:40:54] merlin-logger.DEBUG: The child theme installation step has been displayed [] []
[2020-09-13 06:40:57] merlin-logger.DEBUG: The newly generated child theme was activated [] []
[2020-09-13 06:41:01] merlin-logger.DEBUG: The license activation step has been displayed [] []
[2020-09-13 06:43:26] merlin-logger.DEBUG: The license activation was performed with the following results {"success":true,"message":"Your theme is activated! Remote updates and theme support are enabled."} []
[2020-09-13 06:43:30] merlin-logger.DEBUG: The plugin installation step has been displayed [] []
[2020-09-13 06:43:33] merlin-logger.DEBUG: A plugin with the following data will be processed {"plugin_slug":"veen-functions","message":"Installing"} []
[2020-09-13 06:43:34] merlin-logger.DEBUG: A plugin with the following data was processed {"plugin_slug":"veen-functions"} []
[2020-09-13 06:43:34] merlin-logger.DEBUG: A plugin with the following data will be processed {"plugin_slug":"contact-form-7","message":"Installing"} []
[2020-09-13 06:43:36] merlin-logger.DEBUG: A plugin with the following data was processed {"plugin_slug":"contact-form-7"} []
[2020-09-13 06:43:39] merlin-logger.DEBUG: The content import step has been displayed [] []
[2020-09-13 06:43:45] merlin-logger.INFO: The content import AJAX call will be executed with this import data {"title":"Content","data":"/var/www/html/wp-content/themes/veen/functions/import/demo-content.xml"} []
[2020-09-13 06:43:45] merlin-logger.DEBUG: The Hello world post status was set to draft [] []
[2020-09-13 06:43:45] merlin-logger.INFO: Imported "Health" (category) [] []
[2020-09-13 06:43:45] merlin-logger.DEBUG: Term 9 remapped to 2 [] []
[2020-09-13 06:43:45] merlin-logger.DEBUG: Meta for term_id 2 : main_color => #27cc81 ; successfully added! [] []
[2020-09-13 06:43:45] merlin-logger.DEBUG: Meta for term_id 2 : _main_color => epcl_post_categories_main_color ; successfully added! [] []
[2020-09-13 06:43:45] merlin-logger.DEBUG: Meta for term_id 2 : archives_image => 425 ; successfully added! [] []
[2020-09-13 06:43:45] merlin-logger.DEBUG: Meta for term_id 2 : _archives_image => epcl_post_categories_archives_image ; successfully added! [] []
[2020-09-13 06:43:45] merlin-logger.DEBUG: Meta for term_id 2 : epcl_post_categories => Array ; successfully added! [] []
[2020-09-13 06:43:45] merlin-logger.INFO: Imported "Lifestyle" (category) [] []
[2020-09-13 06:43:45] merlin-logger.DEBUG: Term 2 remapped to 3 [] []
[2020-09-13 06:43:45] merlin-logger.DEBUG: Meta for term_id 3 : bg_color =>  ; successfully added! [] []
[2020-09-13 06:43:45] merlin-logger.DEBUG: Meta for term_id 3 : _bg_color => epcl_post_categories_bg_color ; successfully added! [] []
[2020-09-13 06:43:45] merlin-logger.DEBUG: Meta for term_id 3 : text_color =>  ; successfully added! [] []
[2020-09-13 06:43:45] merlin-logger.DEBUG: Meta for term_id 3 : _text_color => epcl_post_categories_text_color ; successfully added! [] []
[2020-09-13 06:43:45] merlin-logger.DEBUG: Meta for term_id 3 : archives_image => 422 ; successfully added! [] []
[2020-09-13 06:43:45] merlin-logger.DEBUG: Meta for term_id 3 : _archives_image => epcl_post_categories_archives_image ; successfully added! [] []
[2020-09-13 06:43:45] merlin-logger.DEBUG: Meta for term_id 3 : main_color => #6860fa ; successfully added! [] []
[2020-09-13 06:43:45] merlin-logger.DEBUG: Meta for term_id 3 : _main_color => epcl_post_categories_main_color ; successfully added! [] []
[2020-09-13 06:43:45] merlin-logger.DEBUG: Meta for term_id 3 : epcl_post_categories => Array ; successfully added! [] []
[2020-09-13 06:43:45] merlin-logger.INFO: Imported "Music" (category) [] []
[2020-09-13 06:43:45] merlin-logger.DEBUG: Term 10 remapped to 4 [] []
[2020-09-13 06:43:45] merlin-logger.DEBUG: Meta for term_id 4 : main_color => #dd3333 ; successfully added! [] []
[2020-09-13 06:43:45] merlin-logger.DEBUG: Meta for term_id 4 : _main_color => epcl_post_categories_main_color ; successfully added! [] []
[2020-09-13 06:43:45] merlin-logger.DEBUG: Meta for term_id 4 : archives_image => 473 ; successfully added! [] []
[2020-09-13 06:43:45] merlin-logger.DEBUG: Meta for term_id 4 : _archives_image => epcl_post_categories_archives_image ; successfully added! [] []
[2020-09-13 06:43:45] merlin-logger.DEBUG: Meta for term_id 4 : epcl_post_categories => Array ; successfully added! [] []
[2020-09-13 06:43:45] merlin-logger.INFO: Imported "Technology" (category) [] []
[2020-09-13 06:43:45] merlin-logger.DEBUG: Term 4 remapped to 5 [] []
[2020-09-13 06:43:45] merlin-logger.DEBUG: Meta for term_id 5 : bg_color =>  ; successfully added! [] []
[2020-09-13 06:43:45] merlin-logger.DEBUG: Meta for term_id 5 : _bg_color => epcl_post_categories_bg_color ; successfully added! [] []
[2020-09-13 06:43:45] merlin-logger.DEBUG: Meta for term_id 5 : text_color =>  ; successfully added! [] []
[2020-09-13 06:43:45] merlin-logger.DEBUG: Meta for term_id 5 : _text_color => epcl_post_categories_text_color ; successfully added! [] []
[2020-09-13 06:43:45] merlin-logger.DEBUG: Meta for term_id 5 : archives_image => 431 ; successfully added! [] []
[2020-09-13 06:43:45] merlin-logger.DEBUG: Meta for term_id 5 : _archives_image => epcl_post_categories_archives_image ; successfully added! [] []
[2020-09-13 06:43:45] merlin-logger.DEBUG: Meta for term_id 5 : main_color => #057af5 ; successfully added! [] []
[2020-09-13 06:43:45] merlin-logger.DEBUG: Meta for term_id 5 : _main_color => epcl_post_categories_main_color ; successfully added! [] []
[2020-09-13 06:43:45] merlin-logger.DEBUG: Meta for term_id 5 : epcl_post_categories => Array ; successfully added! [] []
[2020-09-13 06:43:45] merlin-logger.INFO: Imported "Travel" (category) [] []
[2020-09-13 06:43:45] merlin-logger.DEBUG: Term 5 remapped to 6 [] []
[2020-09-13 06:43:45] merlin-logger.DEBUG: Meta for term_id 6 : main_color => #8338ec ; successfully added! [] []
[2020-09-13 06:43:45] merlin-logger.DEBUG: Meta for term_id 6 : _main_color => epcl_post_categories_main_color ; successfully added! [] []
[2020-09-13 06:43:45] merlin-logger.DEBUG: Meta for term_id 6 : archives_image => 416 ; successfully added! [] []
[2020-09-13 06:43:45] merlin-logger.DEBUG: Meta for term_id 6 : _archives_image => epcl_post_categories_archives_image ; successfully added! [] []
[2020-09-13 06:43:45] merlin-logger.DEBUG: Meta for term_id 6 : epcl_post_categories => Array ; successfully added! [] []
[2020-09-13 06:43:45] merlin-logger.INFO: Imported "Video" (category) [] []
[2020-09-13 06:43:45] merlin-logger.DEBUG: Term 12 remapped to 7 [] []
[2020-09-13 06:43:45] merlin-logger.DEBUG: Meta for term_id 7 : epcl_post_categories => Array ; successfully added! [] []
[2020-09-13 06:43:45] merlin-logger.INFO: Imported "Footer" (nav_menu) [] []
[2020-09-13 06:43:45] merlin-logger.DEBUG: Term 11 remapped to 8 [] []
[2020-09-13 06:43:45] merlin-logger.INFO: Imported "Header" (nav_menu) [] []
[2020-09-13 06:43:45] merlin-logger.DEBUG: Term 3 remapped to 9 [] []
[2020-09-13 06:43:45] merlin-logger.INFO: Imported "Audio" (post_format) [] []
[2020-09-13 06:43:45] merlin-logger.DEBUG: Term 7 remapped to 10 [] []
[2020-09-13 06:43:45] merlin-logger.INFO: Imported "Gallery" (post_format) [] []
[2020-09-13 06:43:45] merlin-logger.DEBUG: Term 6 remapped to 11 [] []
[2020-09-13 06:43:45] merlin-logger.INFO: Imported "Video" (post_format) [] []
[2020-09-13 06:43:45] merlin-logger.DEBUG: Term 8 remapped to 12 [] []
[2020-09-13 06:43:46] merlin-logger.INFO: Imported "chris-lawton-5IHz5WhosQE-unsplash" (Media) [] []
[2020-09-13 06:43:46] merlin-logger.DEBUG: Post 412 remapped to 412 [] []
[2020-09-13 06:43:47] merlin-logger.INFO: Imported "chris-lawton-c0rIh0nFTFU-unsplash" (Media) [] []
[2020-09-13 06:43:47] merlin-logger.DEBUG: Post 414 remapped to 414 [] []
[2020-09-13 06:43:47] merlin-logger.INFO: Imported "drew-collins-xITItTiOTRA-unsplash" (Media) [] []
[2020-09-13 06:43:47] merlin-logger.DEBUG: Post 416 remapped to 416 [] []
[2020-09-13 06:43:48] merlin-logger.INFO: Imported "alessandra-caretto-cAY9X4rPG3g-unsplash" (Media) [] []
[2020-09-13 06:43:48] merlin-logger.DEBUG: Post 419 remapped to 419 [] []
[2020-09-13 06:43:48] merlin-logger.INFO: Imported "geordanna-cordero-fields-5NE6mX0WVfQ-unsplash" (Media) [] []
[2020-09-13 06:43:48] merlin-logger.DEBUG: Post 422 remapped to 422 [] []
[2020-09-13 06:43:49] merlin-logger.INFO: Imported "matthew-hamilton-BeeMMFF_jso-unsplash" (Media) [] []
[2020-09-13 06:43:49] merlin-logger.DEBUG: Post 425 remapped to 425 [] []
[2020-09-13 06:43:49] merlin-logger.INFO: Imported "janita-sumeiko-ZK1WQDMQvik-unsplash-v2" (Media) [] []
[2020-09-13 06:43:49] merlin-logger.DEBUG: Post 431 remapped to 431 [] []
[2020-09-13 06:43:50] merlin-logger.INFO: Imported "etienne-girardet-Xh6BpT-1tXo-unsplash" (Media) [] []
[2020-09-13 06:43:50] merlin-logger.DEBUG: Post 438 remapped to 438 [] []
[2020-09-13 06:43:51] merlin-logger.INFO: Imported "gareth-harper-yACpBcInUos-unsplash" (Media) [] []
[2020-09-13 06:43:51] merlin-logger.DEBUG: Post 441 remapped to 441 [] []
[2020-09-13 06:43:52] merlin-logger.INFO: Imported "markus-spiske-oU0XA_bnZuE-unsplash" (Media) [] []
[2020-09-13 06:43:52] merlin-logger.DEBUG: Post 473 remapped to 473 [] []
[2020-09-13 06:43:52] merlin-logger.INFO: Imported "banner-sidebar" (Media) [] []
[2020-09-13 06:43:52] merlin-logger.DEBUG: Post 478 remapped to 478 [] []
[2020-09-13 06:43:53] merlin-logger.INFO: Imported "mae-mu-_-E_2D-wgjg-unsplash" (Media) [] []
[2020-09-13 06:43:53] merlin-logger.DEBUG: Post 494 remapped to 494 [] []
[2020-09-13 06:43:54] merlin-logger.INFO: Imported "alex-cKH9F7Wjn9U-unsplash" (Media) [] []
[2020-09-13 06:43:54] merlin-logger.DEBUG: Post 498 remapped to 498 [] []
[2020-09-13 06:43:55] merlin-logger.INFO: Imported "freshh-connection-djY0xDWCEUM-unsplash" (Media) [] []
[2020-09-13 06:43:55] merlin-logger.DEBUG: Post 500 remapped to 500 [] []
[2020-09-13 06:43:55] merlin-logger.INFO: Imported "banner-970" (Media) [] []
[2020-09-13 06:43:55] merlin-logger.DEBUG: Post 546 remapped to 546 [] []
[2020-09-13 06:43:55] merlin-logger.INFO: Imported "banner-728" (Media) [] []
[2020-09-13 06:43:55] merlin-logger.DEBUG: Post 551 remapped to 551 [] []
[2020-09-13 06:43:55] merlin-logger.INFO: Imported "p1-optimized" (Media) [] []
[2020-09-13 06:43:55] merlin-logger.DEBUG: Post 554 remapped to 554 [] []
[2020-09-13 06:43:55] merlin-logger.INFO: Imported "avatar-1-op" (Media) [] []
[2020-09-13 06:43:55] merlin-logger.DEBUG: Post 563 remapped to 563 [] []
[2020-09-13 06:43:55] merlin-logger.INFO: Imported "avatar-2-op" (Media) [] []
[2020-09-13 06:43:55] merlin-logger.DEBUG: Post 564 remapped to 564 [] []
[2020-09-13 06:43:55] merlin-logger.INFO: Imported "p3-optimized" (Media) [] []
[2020-09-13 06:43:55] merlin-logger.DEBUG: Post 567 remapped to 567 [] []
[2020-09-13 06:43:55] merlin-logger.INFO: Imported "" (Navigation Menu Item) [] []
[2020-09-13 06:43:55] merlin-logger.DEBUG: Post 33 remapped to 33 [] []
[2020-09-13 06:43:55] merlin-logger.DEBUG: Processing menu item post_type [] []
[2020-09-13 06:43:55] merlin-logger.INFO: Imported "" (Navigation Menu Item) [] []
[2020-09-13 06:43:55] merlin-logger.DEBUG: Post 34 remapped to 34 [] []
[2020-09-13 06:43:55] merlin-logger.DEBUG: Processing menu item post_type [] []
[2020-09-13 06:43:55] merlin-logger.INFO: Imported "" (Navigation Menu Item) [] []
[2020-09-13 06:43:55] merlin-logger.DEBUG: Post 35 remapped to 35 [] []
[2020-09-13 06:43:55] merlin-logger.DEBUG: Processing menu item post_type [] []
[2020-09-13 06:43:55] merlin-logger.INFO: Imported "" (Navigation Menu Item) [] []
[2020-09-13 06:43:55] merlin-logger.DEBUG: Post 36 remapped to 36 [] []
[2020-09-13 06:43:55] merlin-logger.DEBUG: Processing menu item post_type [] []
[2020-09-13 06:43:55] merlin-logger.INFO: Imported "" (Navigation Menu Item) [] []
[2020-09-13 06:43:55] merlin-logger.DEBUG: Post 37 remapped to 37 [] []
[2020-09-13 06:43:55] merlin-logger.DEBUG: Processing menu item post_type [] []
[2020-09-13 06:43:55] merlin-logger.INFO: Imported "Style Guide" (Navigation Menu Item) [] []
[2020-09-13 06:43:55] merlin-logger.DEBUG: Post 38 remapped to 38 [] []
[2020-09-13 06:43:55] merlin-logger.DEBUG: Processing menu item post_type [] []
[2020-09-13 06:43:55] merlin-logger.INFO: Imported "Features" (Navigation Menu Item) [] []
[2020-09-13 06:43:55] merlin-logger.DEBUG: Post 39 remapped to 39 [] []
[2020-09-13 06:43:55] merlin-logger.DEBUG: Processing menu item custom [] []
[2020-09-13 06:43:55] merlin-logger.DEBUG: Menu item 39 mapped to 39 [] []
[2020-09-13 06:43:55] merlin-logger.INFO: Imported "404" (Navigation Menu Item) [] []
[2020-09-13 06:43:55] merlin-logger.DEBUG: Post 41 remapped to 41 [] []
[2020-09-13 06:43:55] merlin-logger.DEBUG: Processing menu item custom [] []
[2020-09-13 06:43:55] merlin-logger.DEBUG: Menu item 41 mapped to 41 [] []
[2020-09-13 06:43:55] merlin-logger.INFO: Imported "" (Navigation Menu Item) [] []
[2020-09-13 06:43:55] merlin-logger.DEBUG: Post 45 remapped to 45 [] []
[2020-09-13 06:43:55] merlin-logger.DEBUG: Processing menu item post_type [] []
[2020-09-13 06:43:55] merlin-logger.INFO: Imported "#Tag" (Navigation Menu Item) [] []
[2020-09-13 06:43:55] merlin-logger.DEBUG: Post 46 remapped to 46 [] []
[2020-09-13 06:43:55] merlin-logger.DEBUG: Processing menu item taxonomy [] []
[2020-09-13 06:43:55] merlin-logger.DEBUG: Menu item 2 mapped to 3 [] []
[2020-09-13 06:43:55] merlin-logger.INFO: Imported "Header Styles" (Navigation Menu Item) [] []
[2020-09-13 06:43:55] merlin-logger.DEBUG: Post 47 remapped to 47 [] []
[2020-09-13 06:43:55] merlin-logger.DEBUG: Processing menu item custom [] []
[2020-09-13 06:43:55] merlin-logger.DEBUG: Menu item 47 mapped to 47 [] []
[2020-09-13 06:43:55] merlin-logger.INFO: Imported "Minimalist Style" (Navigation Menu Item) [] []
[2020-09-13 06:43:55] merlin-logger.DEBUG: Post 48 remapped to 48 [] []
[2020-09-13 06:43:56] merlin-logger.DEBUG: Processing menu item custom [] []
[2020-09-13 06:43:56] merlin-logger.DEBUG: Menu item 48 mapped to 48 [] []
[2020-09-13 06:43:56] merlin-logger.INFO: Imported "Classic Style" (Navigation Menu Item) [] []
[2020-09-13 06:43:56] merlin-logger.DEBUG: Post 49 remapped to 49 [] []
[2020-09-13 06:43:56] merlin-logger.DEBUG: Processing menu item custom [] []
[2020-09-13 06:43:56] merlin-logger.DEBUG: Menu item 49 mapped to 49 [] []
[2020-09-13 06:43:56] merlin-logger.INFO: Imported "Notice on Top" (Navigation Menu Item) [] []
[2020-09-13 06:43:56] merlin-logger.DEBUG: Post 50 remapped to 50 [] []
[2020-09-13 06:43:56] merlin-logger.DEBUG: Processing menu item custom [] []
[2020-09-13 06:43:56] merlin-logger.DEBUG: Menu item 50 mapped to 50 [] []
[2020-09-13 06:43:56] merlin-logger.INFO: Imported "Advertising Area" (Navigation Menu Item) [] []
[2020-09-13 06:43:56] merlin-logger.DEBUG: Post 51 remapped to 51 [] []
[2020-09-13 06:43:56] merlin-logger.DEBUG: Processing menu item custom [] []
[2020-09-13 06:43:56] merlin-logger.DEBUG: Menu item 51 mapped to 51 [] []
[2020-09-13 06:43:56] merlin-logger.INFO: Imported "Home" (Navigation Menu Item) [] []
[2020-09-13 06:43:56] merlin-logger.DEBUG: Post 67 remapped to 67 [] []
[2020-09-13 06:43:56] merlin-logger.DEBUG: Processing menu item custom [] []
[2020-09-13 06:43:56] merlin-logger.DEBUG: Menu item 67 mapped to 67 [] []
[2020-09-13 06:43:56] merlin-logger.INFO: Imported "veen" (Custom CSS) [] []
[2020-09-13 06:43:56] merlin-logger.DEBUG: Post 522 remapped to 522 [] []
[2020-09-13 06:43:56] merlin-logger.INFO: Imported "p4-optimized" (Media) [] []
[2020-09-13 06:43:56] merlin-logger.DEBUG: Post 569 remapped to 569 [] []
[2020-09-13 06:43:56] merlin-logger.INFO: Imported "p2-optimized" (Media) [] []
[2020-09-13 06:43:56] merlin-logger.DEBUG: Post 571 remapped to 571 [] []
[2020-09-13 06:43:56] merlin-logger.INFO: Imported "bg-subscribe" (Media) [] []
[2020-09-13 06:43:56] merlin-logger.DEBUG: Post 574 remapped to 574 [] []
[2020-09-13 06:43:56] merlin-logger.INFO: Imported "" (Navigation Menu Item) [] []
[2020-09-13 06:43:56] merlin-logger.DEBUG: Post 68 remapped to 68 [] []
[2020-09-13 06:43:56] merlin-logger.DEBUG: Processing menu item post_type [] []
[2020-09-13 06:43:56] merlin-logger.INFO: Imported "" (Navigation Menu Item) [] []
[2020-09-13 06:43:56] merlin-logger.DEBUG: Post 69 remapped to 69 [] []
[2020-09-13 06:43:56] merlin-logger.DEBUG: Processing menu item post_type [] []
[2020-09-13 06:43:56] merlin-logger.INFO: Imported "" (Navigation Menu Item) [] []
[2020-09-13 06:43:56] merlin-logger.DEBUG: Post 70 remapped to 70 [] []
[2020-09-13 06:43:56] merlin-logger.DEBUG: Processing menu item post_type [] []
[2020-09-13 06:43:56] merlin-logger.INFO: Imported "" (Navigation Menu Item) [] []
[2020-09-13 06:43:56] merlin-logger.DEBUG: Post 71 remapped to 71 [] []
[2020-09-13 06:43:56] merlin-logger.DEBUG: Processing menu item post_type [] []
[2020-09-13 06:43:56] merlin-logger.INFO: Imported "Post Features" (Navigation Menu Item) [] []
[2020-09-13 06:43:56] merlin-logger.DEBUG: Post 84 remapped to 84 [] []
[2020-09-13 06:43:56] merlin-logger.DEBUG: Processing menu item custom [] []
[2020-09-13 06:43:56] merlin-logger.DEBUG: Menu item 84 mapped to 84 [] []
[2020-09-13 06:43:56] merlin-logger.INFO: Imported "Classic with Sidebar" (Navigation Menu Item) [] []
[2020-09-13 06:43:56] merlin-logger.DEBUG: Post 86 remapped to 86 [] []
[2020-09-13 06:43:56] merlin-logger.DEBUG: Processing menu item post_type [] []
[2020-09-13 06:43:56] merlin-logger.INFO: Imported "Post Formats" (Navigation Menu Item) [] []
[2020-09-13 06:43:56] merlin-logger.DEBUG: Post 87 remapped to 87 [] []
[2020-09-13 06:43:56] merlin-logger.DEBUG: Processing menu item custom [] []
[2020-09-13 06:43:56] merlin-logger.DEBUG: Menu item 87 mapped to 87 [] []
[2020-09-13 06:43:56] merlin-logger.INFO: Imported "Standard" (Navigation Menu Item) [] []
[2020-09-13 06:43:56] merlin-logger.DEBUG: Post 88 remapped to 88 [] []
[2020-09-13 06:43:56] merlin-logger.DEBUG: Processing menu item post_type [] []
[2020-09-13 06:43:57] merlin-logger.INFO: Imported "Video" (Navigation Menu Item) [] []
[2020-09-13 06:43:57] merlin-logger.DEBUG: Post 135 remapped to 135 [] []
[2020-09-13 06:43:57] merlin-logger.DEBUG: Processing menu item post_type [] []
[2020-09-13 06:43:57] merlin-logger.INFO: Imported "Audio" (Navigation Menu Item) [] []
[2020-09-13 06:43:57] merlin-logger.DEBUG: Post 136 remapped to 136 [] []
[2020-09-13 06:43:57] merlin-logger.DEBUG: Processing menu item post_type [] []
[2020-09-13 06:43:57] merlin-logger.INFO: Imported "Gallery" (Navigation Menu Item) [] []
[2020-09-13 06:43:57] merlin-logger.DEBUG: Post 138 remapped to 138 [] []
[2020-09-13 06:43:57] merlin-logger.DEBUG: Processing menu item post_type [] []
[2020-09-13 06:43:57] merlin-logger.INFO: Imported "Post Pagination" (Navigation Menu Item) [] []
[2020-09-13 06:43:57] merlin-logger.DEBUG: Post 141 remapped to 141 [] []
[2020-09-13 06:43:57] merlin-logger.DEBUG: Processing menu item post_type [] []
[2020-09-13 06:43:57] merlin-logger.INFO: Imported "" (Navigation Menu Item) [] []
[2020-09-13 06:43:57] merlin-logger.DEBUG: Post 156 remapped to 156 [] []
[2020-09-13 06:43:57] merlin-logger.DEBUG: Processing menu item post_type [] []
[2020-09-13 06:43:57] merlin-logger.INFO: Imported "Advertise between posts" (Navigation Menu Item) [] []
[2020-09-13 06:43:57] merlin-logger.DEBUG: Post 222 remapped to 222 [] []
[2020-09-13 06:43:57] merlin-logger.DEBUG: Processing menu item custom [] []
[2020-09-13 06:43:57] merlin-logger.DEBUG: Menu item 222 mapped to 222 [] []
[2020-09-13 06:43:57] merlin-logger.INFO: Imported "Home" (Navigation Menu Item) [] []
[2020-09-13 06:43:57] merlin-logger.DEBUG: Post 240 remapped to 240 [] []
[2020-09-13 06:43:57] merlin-logger.DEBUG: Processing menu item custom [] []
[2020-09-13 06:43:57] merlin-logger.DEBUG: Menu item 240 mapped to 240 [] []
[2020-09-13 06:43:57] merlin-logger.INFO: Imported "" (Navigation Menu Item) [] []
[2020-09-13 06:43:57] merlin-logger.DEBUG: Post 241 remapped to 241 [] []
[2020-09-13 06:43:57] merlin-logger.DEBUG: Processing menu item post_type [] []
[2020-09-13 06:43:57] merlin-logger.INFO: Imported "" (Navigation Menu Item) [] []
[2020-09-13 06:43:57] merlin-logger.DEBUG: Post 242 remapped to 242 [] []
[2020-09-13 06:43:57] merlin-logger.DEBUG: Processing menu item post_type [] []
[2020-09-13 06:43:57] merlin-logger.INFO: Imported "Terms and Conditions" (Navigation Menu Item) [] []
[2020-09-13 06:43:57] merlin-logger.DEBUG: Post 245 remapped to 245 [] []
[2020-09-13 06:43:57] merlin-logger.DEBUG: Processing menu item custom [] []
[2020-09-13 06:43:57] merlin-logger.DEBUG: Menu item 245 mapped to 245 [] []
[2020-09-13 06:43:57] merlin-logger.INFO: Imported "Classic no Sidebar" (Navigation Menu Item) [] []
[2020-09-13 06:43:57] merlin-logger.DEBUG: Post 367 remapped to 367 [] []
[2020-09-13 06:43:57] merlin-logger.DEBUG: Processing menu item post_type [] []
[2020-09-13 06:43:57] merlin-logger.INFO: Imported "" (Navigation Menu Item) [] []
[2020-09-13 06:43:57] merlin-logger.DEBUG: Post 492 remapped to 492 [] []
[2020-09-13 06:43:57] merlin-logger.DEBUG: Processing menu item post_type [] []
[2020-09-13 06:43:57] merlin-logger.INFO: Imported "Features" (Page) [] []
[2020-09-13 06:43:57] merlin-logger.DEBUG: Post 19 remapped to 19 [] []
[2020-09-13 06:43:57] merlin-logger.INFO: Imported "Accordions and Tabs" (Page) [] []
[2020-09-13 06:43:57] merlin-logger.DEBUG: Post 22 remapped to 22 [] []
[2020-09-13 06:43:57] merlin-logger.INFO: Imported "Alert Messages" (Page) [] []
[2020-09-13 06:43:57] merlin-logger.DEBUG: Post 24 remapped to 24 [] []
[2020-09-13 06:43:57] merlin-logger.INFO: Imported "Buttons" (Page) [] []
[2020-09-13 06:43:57] merlin-logger.DEBUG: Post 26 remapped to 26 [] []
[2020-09-13 06:43:57] merlin-logger.INFO: Imported "Columns" (Page) [] []
[2020-09-13 06:43:57] merlin-logger.DEBUG: Post 28 remapped to 28 [] []
[2020-09-13 06:43:57] merlin-logger.INFO: Imported "Gutenberg Blocks" (Page) [] []
[2020-09-13 06:43:57] merlin-logger.DEBUG: Post 30 remapped to 30 [] []
[2020-09-13 06:43:57] merlin-logger.INFO: Imported "Contact" (Page) [] []
[2020-09-13 06:43:57] merlin-logger.DEBUG: Post 43 remapped to 43 [] []
[2020-09-13 06:43:57] merlin-logger.INFO: Imported "Home Category Carousel" (Page) [] []
[2020-09-13 06:43:57] merlin-logger.DEBUG: Post 52 remapped to 52 [] []
[2020-09-13 06:43:57] merlin-logger.INFO: Imported "Home Advertising Area" (Page) [] []
[2020-09-13 06:43:57] merlin-logger.DEBUG: Post 55 remapped to 55 [] []
[2020-09-13 06:43:57] merlin-logger.INFO: Imported "Home Posts Carousel" (Page) [] []
[2020-09-13 06:43:57] merlin-logger.DEBUG: Post 61 remapped to 61 [] []
[2020-09-13 06:43:57] merlin-logger.INFO: Imported "Home Grid: 3 Columns" (Page) [] []
[2020-09-13 06:43:57] merlin-logger.DEBUG: Post 64 remapped to 64 [] []
[2020-09-13 06:43:57] merlin-logger.INFO: Imported "Home Grid with Sidebar" (Page) [] []
[2020-09-13 06:43:57] merlin-logger.DEBUG: Post 149 remapped to 149 [] []
[2020-09-13 06:43:57] merlin-logger.INFO: Imported "" (Navigation Menu Item) [] []
[2020-09-13 06:43:57] merlin-logger.DEBUG: Post 513 remapped to 513 [] []
[2020-09-13 06:43:57] merlin-logger.DEBUG: Processing menu item post_type [] []
[2020-09-13 06:43:57] merlin-logger.INFO: Imported "" (Navigation Menu Item) [] []
[2020-09-13 06:43:57] merlin-logger.DEBUG: Post 514 remapped to 514 [] []
[2020-09-13 06:43:57] merlin-logger.DEBUG: Processing menu item post_type [] []
[2020-09-13 06:43:57] merlin-logger.INFO: Imported "Fullwidth with Sidebar" (Navigation Menu Item) [] []
[2020-09-13 06:43:57] merlin-logger.DEBUG: Post 531 remapped to 531 [] []
[2020-09-13 06:43:57] merlin-logger.DEBUG: Processing menu item post_type [] []
[2020-09-13 06:43:57] merlin-logger.INFO: Imported "Fullwidth no Sidebar" (Navigation Menu Item) [] []
[2020-09-13 06:43:57] merlin-logger.DEBUG: Post 534 remapped to 534 [] []
[2020-09-13 06:43:57] merlin-logger.DEBUG: Processing menu item post_type [] []
[2020-09-13 06:43:57] merlin-logger.INFO: Imported "" (Navigation Menu Item) [] []
[2020-09-13 06:43:57] merlin-logger.DEBUG: Post 540 remapped to 540 [] []
[2020-09-13 06:43:57] merlin-logger.DEBUG: Processing menu item post_type [] []
[2020-09-13 06:43:57] merlin-logger.INFO: Imported "Author" (Navigation Menu Item) [] []
[2020-09-13 06:43:57] merlin-logger.DEBUG: Post 552 remapped to 552 [] []
[2020-09-13 06:43:57] merlin-logger.DEBUG: Processing menu item custom [] []
[2020-09-13 06:43:57] merlin-logger.DEBUG: Menu item 552 mapped to 552 [] []
[2020-09-13 06:43:57] merlin-logger.INFO: Imported "AMP Home" (Navigation Menu Item) [] []
[2020-09-13 06:43:57] merlin-logger.DEBUG: Post 580 remapped to 580 [] []
[2020-09-13 06:43:57] merlin-logger.DEBUG: Processing menu item custom [] []
[2020-09-13 06:43:57] merlin-logger.DEBUG: Menu item 580 mapped to 580 [] []
[2020-09-13 06:43:57] merlin-logger.INFO: Imported "AMP Article" (Navigation Menu Item) [] []
[2020-09-13 06:43:57] merlin-logger.DEBUG: Post 581 remapped to 581 [] []
[2020-09-13 06:43:57] merlin-logger.DEBUG: Processing menu item custom [] []
[2020-09-13 06:43:57] merlin-logger.DEBUG: Menu item 581 mapped to 581 [] []
[2020-09-13 06:43:57] merlin-logger.INFO: Imported "Contact form 1" (Contact Form) [] []
[2020-09-13 06:43:57] merlin-logger.DEBUG: Post 5 remapped to 582 [] []
[2020-09-13 06:43:57] merlin-logger.INFO: Imported "The spectacle before us was indeed sublime" (Post) [] []
[2020-09-13 06:43:57] merlin-logger.DEBUG: Post 6 remapped to 6 [] []
[2020-09-13 06:43:57] merlin-logger.INFO: Imported "Apps & integrations" (Post) [] []
[2020-09-13 06:43:57] merlin-logger.DEBUG: Post 12 remapped to 12 [] []
[2020-09-13 06:43:57] merlin-logger.INFO: Imported "Far far away, behind the word mountains" (Post) [] []
[2020-09-13 06:43:57] merlin-logger.DEBUG: Post 76 remapped to 76 [] []
[2020-09-13 06:43:57] merlin-logger.INFO: Imported "A small river named Duden flows by their place" (Post) [] []
[2020-09-13 06:43:57] merlin-logger.DEBUG: Post 80 remapped to 80 [] []
[2020-09-13 06:43:57] merlin-logger.INFO: Imported "5 Spanish Cities that will make you fall in Love" (Post) [] []
[2020-09-13 06:43:57] merlin-logger.DEBUG: Post 89 remapped to 89 [] []
[2020-09-13 06:43:57] merlin-logger.INFO: Imported "These Are The 10 Best Restaurants in The World" (Post) [] []
[2020-09-13 06:43:57] merlin-logger.DEBUG: Post 98 remapped to 98 [] []
[2020-09-13 06:43:57] merlin-logger.INFO: Imported "Top 10 old rock songs from the 80's" (Post) [] []
[2020-09-13 06:43:57] merlin-logger.DEBUG: Post 100 remapped to 100 [] []
[2020-09-13 06:43:57] merlin-logger.INFO: Imported "Forest Sketch: Digital Painting Process" (Post) [] []
[2020-09-13 06:43:57] merlin-logger.DEBUG: Post 123 remapped to 123 [] []
[2020-09-13 06:43:57] merlin-logger.INFO: Imported "The meaning of health has evolved over time" (Post) [] []
[2020-09-13 06:43:57] merlin-logger.DEBUG: Post 144 remapped to 144 [] []
[2020-09-13 06:43:57] merlin-logger.INFO: Imported "Home Grid: 4 Columns" (Page) [] []
[2020-09-13 06:43:57] merlin-logger.DEBUG: Post 152 remapped to 152 [] []
[2020-09-13 06:43:57] merlin-logger.INFO: Imported "3 ideas to keep you healthy and strong" (Post) [] []
[2020-09-13 06:43:57] merlin-logger.DEBUG: Post 168 remapped to 168 [] []
[2020-09-13 06:43:57] merlin-logger.INFO: Imported "Musical improvisation is the spontaneous music" (Post) [] []
[2020-09-13 06:43:57] merlin-logger.DEBUG: Post 185 remapped to 185 [] []
[2020-09-13 06:43:57] merlin-logger.INFO: Imported "Home Posts Slider" (Page) [] []
[2020-09-13 06:43:57] merlin-logger.DEBUG: Post 479 remapped to 479 [] []
[2020-09-13 06:43:58] merlin-logger.INFO: Imported "Home Grid: 2 Columns" (Page) [] []
[2020-09-13 06:43:58] merlin-logger.DEBUG: Post 510 remapped to 510 [] []
[2020-09-13 06:43:58] merlin-logger.INFO: Imported "Home Minimal" (Page) [] []
[2020-09-13 06:43:58] merlin-logger.DEBUG: Post 537 remapped to 537 [] []
[2020-09-13 06:43:58] merlin-logger.DEBUG: Running post-processing for post 412 [] []
[2020-09-13 06:43:58] merlin-logger.WARNING: Could not find the author for "chris-lawton-5IHz5WhosQE-unsplash" (post #412) [] []
[2020-09-13 06:43:58] merlin-logger.DEBUG: Post 412 was imported with author "ishaanprasad", but could not be found [] []
[2020-09-13 06:43:58] merlin-logger.DEBUG: Running post-processing for post 414 [] []
[2020-09-13 06:43:58] merlin-logger.WARNING: Could not find the author for "chris-lawton-c0rIh0nFTFU-unsplash" (post #414) [] []
[2020-09-13 06:43:58] merlin-logger.DEBUG: Post 414 was imported with author "ishaanprasad", but could not be found [] []
[2020-09-13 06:43:58] merlin-logger.DEBUG: Running post-processing for post 416 [] []
[2020-09-13 06:43:58] merlin-logger.WARNING: Could not find the author for "drew-collins-xITItTiOTRA-unsplash" (post #416) [] []
[2020-09-13 06:43:58] merlin-logger.DEBUG: Post 416 was imported with author "ishaanprasad", but could not be found [] []
[2020-09-13 06:43:58] merlin-logger.DEBUG: Running post-processing for post 419 [] []
[2020-09-13 06:43:58] merlin-logger.WARNING: Could not find the author for "alessandra-caretto-cAY9X4rPG3g-unsplash" (post #419) [] []
[2020-09-13 06:43:58] merlin-logger.DEBUG: Post 419 was imported with author "ishaanprasad", but could not be found [] []
[2020-09-13 06:43:58] merlin-logger.DEBUG: Running post-processing for post 422 [] []
[2020-09-13 06:43:58] merlin-logger.WARNING: Could not find the author for "geordanna-cordero-fields-5NE6mX0WVfQ-unsplash" (post #422) [] []
[2020-09-13 06:43:58] merlin-logger.DEBUG: Post 422 was imported with author "ishaanprasad", but could not be found [] []
[2020-09-13 06:43:58] merlin-logger.DEBUG: Running post-processing for post 425 [] []
[2020-09-13 06:43:58] merlin-logger.WARNING: Could not find the author for "matthew-hamilton-BeeMMFF_jso-unsplash" (post #425) [] []
[2020-09-13 06:43:58] merlin-logger.DEBUG: Post 425 was imported with author "ishaanprasad", but could not be found [] []
[2020-09-13 06:43:58] merlin-logger.DEBUG: Running post-processing for post 431 [] []
[2020-09-13 06:43:58] merlin-logger.WARNING: Could not find the author for "janita-sumeiko-ZK1WQDMQvik-unsplash-v2" (post #431) [] []
[2020-09-13 06:43:58] merlin-logger.DEBUG: Post 431 was imported with author "ishaanprasad", but could not be found [] []
[2020-09-13 06:43:58] merlin-logger.DEBUG: Running post-processing for post 438 [] []
[2020-09-13 06:43:58] merlin-logger.WARNING: Could not find the author for "etienne-girardet-Xh6BpT-1tXo-unsplash" (post #438) [] []
[2020-09-13 06:43:58] merlin-logger.DEBUG: Post 438 was imported with author "ishaanprasad", but could not be found [] []
[2020-09-13 06:43:58] merlin-logger.DEBUG: Running post-processing for post 441 [] []
[2020-09-13 06:43:58] merlin-logger.WARNING: Could not find the author for "gareth-harper-yACpBcInUos-unsplash" (post #441) [] []
[2020-09-13 06:43:58] merlin-logger.DEBUG: Post 441 was imported with author "ishaanprasad", but could not be found [] []
[2020-09-13 06:43:58] merlin-logger.DEBUG: Running post-processing for post 473 [] []
[2020-09-13 06:43:58] merlin-logger.WARNING: Could not find the author for "markus-spiske-oU0XA_bnZuE-unsplash" (post #473) [] []
[2020-09-13 06:43:58] merlin-logger.DEBUG: Post 473 was imported with author "ishaanprasad", but could not be found [] []
[2020-09-13 06:43:58] merlin-logger.DEBUG: Running post-processing for post 478 [] []
[2020-09-13 06:43:58] merlin-logger.WARNING: Could not find the author for "banner-sidebar" (post #478) [] []
[2020-09-13 06:43:58] merlin-logger.DEBUG: Post 478 was imported with author "ishaanprasad", but could not be found [] []
[2020-09-13 06:43:58] merlin-logger.DEBUG: Post 478 was marked for post-processing, but none was required. [] []
[2020-09-13 06:43:58] merlin-logger.DEBUG: Running post-processing for post 494 [] []
[2020-09-13 06:43:58] merlin-logger.WARNING: Could not find the author for "mae-mu-_-E_2D-wgjg-unsplash" (post #494) [] []
[2020-09-13 06:43:58] merlin-logger.DEBUG: Post 494 was imported with author "ishaanprasad", but could not be found [] []
[2020-09-13 06:43:58] merlin-logger.DEBUG: Running post-processing for post 498 [] []
[2020-09-13 06:43:58] merlin-logger.WARNING: Could not find the author for "alex-cKH9F7Wjn9U-unsplash" (post #498) [] []
[2020-09-13 06:43:58] merlin-logger.DEBUG: Post 498 was imported with author "ishaanprasad", but could not be found [] []
[2020-09-13 06:43:58] merlin-logger.DEBUG: Running post-processing for post 500 [] []
[2020-09-13 06:43:58] merlin-logger.WARNING: Could not find the author for "freshh-connection-djY0xDWCEUM-unsplash" (post #500) [] []
[2020-09-13 06:43:58] merlin-logger.DEBUG: Post 500 was imported with author "ishaanprasad", but could not be found [] []
[2020-09-13 06:43:58] merlin-logger.DEBUG: Running post-processing for post 546 [] []
[2020-09-13 06:43:58] merlin-logger.WARNING: Could not find the author for "banner-970" (post #546) [] []
[2020-09-13 06:43:58] merlin-logger.DEBUG: Post 546 was imported with author "ishaanprasad", but could not be found [] []
[2020-09-13 06:43:58] merlin-logger.DEBUG: Running post-processing for post 551 [] []
[2020-09-13 06:43:58] merlin-logger.WARNING: Could not find the author for "banner-728" (post #551) [] []
[2020-09-13 06:43:58] merlin-logger.DEBUG: Post 551 was imported with author "ishaanprasad", but could not be found [] []
[2020-09-13 06:43:58] merlin-logger.DEBUG: Post 551 was marked for post-processing, but none was required. [] []
[2020-09-13 06:43:58] merlin-logger.DEBUG: Running post-processing for post 554 [] []
[2020-09-13 06:43:58] merlin-logger.WARNING: Could not find the author for "p1-optimized" (post #554) [] []
[2020-09-13 06:43:58] merlin-logger.DEBUG: Post 554 was imported with author "ishaanprasad", but could not be found [] []
[2020-09-13 06:43:58] merlin-logger.DEBUG: Running post-processing for post 563 [] []
[2020-09-13 06:43:58] merlin-logger.WARNING: Could not find the author for "avatar-1-op" (post #563) [] []
[2020-09-13 06:43:58] merlin-logger.DEBUG: Post 563 was imported with author "ishaanprasad", but could not be found [] []
[2020-09-13 06:43:58] merlin-logger.DEBUG: Post 563 was marked for post-processing, but none was required. [] []
[2020-09-13 06:43:58] merlin-logger.DEBUG: Running post-processing for post 564 [] []
[2020-09-13 06:43:58] merlin-logger.WARNING: Could not find the author for "avatar-2-op" (post #564) [] []
[2020-09-13 06:43:58] merlin-logger.DEBUG: Post 564 was imported with author "ishaanprasad", but could not be found [] []
[2020-09-13 06:43:58] merlin-logger.DEBUG: Post 564 was marked for post-processing, but none was required. [] []
[2020-09-13 06:43:58] merlin-logger.DEBUG: Running post-processing for post 567 [] []
[2020-09-13 06:43:58] merlin-logger.WARNING: Could not find the author for "p3-optimized" (post #567) [] []
[2020-09-13 06:43:58] merlin-logger.DEBUG: Post 567 was imported with author "ishaanprasad", but could not be found [] []
[2020-09-13 06:43:58] merlin-logger.DEBUG: Running post-processing for post 33 [] []
[2020-09-13 06:43:58] merlin-logger.WARNING: Could not find the author for "" (post #33) [] []
[2020-09-13 06:43:58] merlin-logger.DEBUG: Post 33 was imported with author "ishaanprasad", but could not be found [] []
[2020-09-13 06:43:58] merlin-logger.DEBUG: Running post-processing for post 34 [] []
[2020-09-13 06:43:58] merlin-logger.WARNING: Could not find the author for "" (post #34) [] []
[2020-09-13 06:43:58] merlin-logger.DEBUG: Post 34 was imported with author "ishaanprasad", but could not be found [] []
[2020-09-13 06:43:58] merlin-logger.DEBUG: Running post-processing for post 35 [] []
[2020-09-13 06:43:58] merlin-logger.WARNING: Could not find the author for "" (post #35) [] []
[2020-09-13 06:43:58] merlin-logger.DEBUG: Post 35 was imported with author "ishaanprasad", but could not be found [] []
[2020-09-13 06:43:58] merlin-logger.DEBUG: Running post-processing for post 36 [] []
[2020-09-13 06:43:58] merlin-logger.WARNING: Could not find the author for "" (post #36) [] []
[2020-09-13 06:43:58] merlin-logger.DEBUG: Post 36 was imported with author "ishaanprasad", but could not be found [] []
[2020-09-13 06:43:58] merlin-logger.DEBUG: Running post-processing for post 37 [] []
[2020-09-13 06:43:58] merlin-logger.WARNING: Could not find the author for "" (post #37) [] []
[2020-09-13 06:43:58] merlin-logger.DEBUG: Post 37 was imported with author "ishaanprasad", but could not be found [] []
[2020-09-13 06:43:58] merlin-logger.DEBUG: Running post-processing for post 38 [] []
[2020-09-13 06:43:58] merlin-logger.WARNING: Could not find the author for "Style Guide" (post #38) [] []
[2020-09-13 06:43:58] merlin-logger.DEBUG: Post 38 was imported with author "ishaanprasad", but could not be found [] []
[2020-09-13 06:43:58] merlin-logger.DEBUG: Post 38 was marked for post-processing, but none was required. [] []
[2020-09-13 06:43:58] merlin-logger.DEBUG: Running post-processing for post 39 [] []
[2020-09-13 06:43:58] merlin-logger.WARNING: Could not find the author for "Features" (post #39) [] []
[2020-09-13 06:43:58] merlin-logger.DEBUG: Post 39 was imported with author "ishaanprasad", but could not be found [] []
[2020-09-13 06:43:58] merlin-logger.DEBUG: Post 39 was marked for post-processing, but none was required. [] []
[2020-09-13 06:43:58] merlin-logger.DEBUG: Running post-processing for post 41 [] []
[2020-09-13 06:43:58] merlin-logger.WARNING: Could not find the author for "404" (post #41) [] []
[2020-09-13 06:43:58] merlin-logger.DEBUG: Post 41 was imported with author "ishaanprasad", but could not be found [] []
[2020-09-13 06:43:58] merlin-logger.DEBUG: Post 41 was marked for post-processing, but none was required. [] []
[2020-09-13 06:43:58] merlin-logger.DEBUG: Running post-processing for post 45 [] []
[2020-09-13 06:43:58] merlin-logger.WARNING: Could not find the author for "" (post #45) [] []
[2020-09-13 06:43:58] merlin-logger.DEBUG: Post 45 was imported with author "ishaanprasad", but could not be found [] []
[2020-09-13 06:43:58] merlin-logger.DEBUG: Post 45 was marked for post-processing, but none was required. [] []
[2020-09-13 06:43:58] merlin-logger.DEBUG: Running post-processing for post 46 [] []
[2020-09-13 06:43:58] merlin-logger.WARNING: Could not find the author for "#Tag" (post #46) [] []
[2020-09-13 06:43:58] merlin-logger.DEBUG: Post 46 was imported with author "ishaanprasad", but could not be found [] []
[2020-09-13 06:43:58] merlin-logger.DEBUG: Post 46 was marked for post-processing, but none was required. [] []
[2020-09-13 06:43:58] merlin-logger.DEBUG: Running post-processing for post 47 [] []
[2020-09-13 06:43:58] merlin-logger.WARNING: Could not find the author for "Header Styles" (post #47) [] []
[2020-09-13 06:43:58] merlin-logger.DEBUG: Post 47 was imported with author "ishaanprasad", but could not be found [] []
[2020-09-13 06:43:58] merlin-logger.DEBUG: Post 47 was marked for post-processing, but none was required. [] []
[2020-09-13 06:43:58] merlin-logger.DEBUG: Running post-processing for post 48 [] []
[2020-09-13 06:43:58] merlin-logger.WARNING: Could not find the author for "Minimalist Style" (post #48) [] []
[2020-09-13 06:43:58] merlin-logger.DEBUG: Post 48 was imported with author "ishaanprasad", but could not be found [] []
[2020-09-13 06:43:58] merlin-logger.DEBUG: Post 48 was marked for post-processing, but none was required. [] []
[2020-09-13 06:43:58] merlin-logger.DEBUG: Running post-processing for post 49 [] []
[2020-09-13 06:43:58] merlin-logger.WARNING: Could not find the author for "Classic Style" (post #49) [] []
[2020-09-13 06:43:58] merlin-logger.DEBUG: Post 49 was imported with author "ishaanprasad", but could not be found [] []
[2020-09-13 06:43:58] merlin-logger.DEBUG: Post 49 was marked for post-processing, but none was required. [] []
[2020-09-13 06:43:58] merlin-logger.DEBUG: Running post-processing for post 50 [] []
[2020-09-13 06:43:58] merlin-logger.WARNING: Could not find the author for "Notice on Top" (post #50) [] []
[2020-09-13 06:43:58] merlin-logger.DEBUG: Post 50 was imported with author "ishaanprasad", but could not be found [] []
[2020-09-13 06:43:58] merlin-logger.DEBUG: Post 50 was marked for post-processing, but none was required. [] []
[2020-09-13 06:43:58] merlin-logger.DEBUG: Running post-processing for post 51 [] []
[2020-09-13 06:43:58] merlin-logger.WARNING: Could not find the author for "Advertising Area" (post #51) [] []
[2020-09-13 06:43:58] merlin-logger.DEBUG: Post 51 was imported with author "ishaanprasad", but could not be found [] []
[2020-09-13 06:43:58] merlin-logger.DEBUG: Post 51 was marked for post-processing, but none was required. [] []
[2020-09-13 06:43:58] merlin-logger.DEBUG: Running post-processing for post 67 [] []
[2020-09-13 06:43:58] merlin-logger.WARNING: Could not find the author for "Home" (post #67) [] []
[2020-09-13 06:43:58] merlin-logger.DEBUG: Post 67 was imported with author "ishaanprasad", but could not be found [] []
[2020-09-13 06:43:58] merlin-logger.DEBUG: Post 67 was marked for post-processing, but none was required. [] []
[2020-09-13 06:43:58] merlin-logger.DEBUG: Running post-processing for post 522 [] []
[2020-09-13 06:43:58] merlin-logger.WARNING: Could not find the author for "veen" (post #522) [] []
[2020-09-13 06:43:58] merlin-logger.DEBUG: Post 522 was imported with author "ishaanprasad", but could not be found [] []
[2020-09-13 06:43:58] merlin-logger.DEBUG: Post 522 was marked for post-processing, but none was required. [] []
[2020-09-13 06:43:58] merlin-logger.DEBUG: Running post-processing for post 569 [] []
[2020-09-13 06:43:58] merlin-logger.WARNING: Could not find the author for "p4-optimized" (post #569) [] []
[2020-09-13 06:43:58] merlin-logger.DEBUG: Post 569 was imported with author "ishaanprasad", but could not be found [] []
[2020-09-13 06:43:58] merlin-logger.DEBUG: Running post-processing for post 571 [] []
[2020-09-13 06:43:58] merlin-logger.WARNING: Could not find the author for "p2-optimized" (post #571) [] []
[2020-09-13 06:43:58] merlin-logger.DEBUG: Post 571 was imported with author "ishaanprasad", but could not be found [] []
[2020-09-13 06:43:58] merlin-logger.DEBUG: Running post-processing for post 574 [] []
[2020-09-13 06:43:58] merlin-logger.WARNING: Could not find the author for "bg-subscribe" (post #574) [] []
[2020-09-13 06:43:58] merlin-logger.DEBUG: Post 574 was imported with author "ishaanprasad", but could not be found [] []
[2020-09-13 06:43:58] merlin-logger.DEBUG: Post 574 was marked for post-processing, but none was required. [] []
[2020-09-13 06:43:58] merlin-logger.DEBUG: Running post-processing for post 68 [] []
[2020-09-13 06:43:58] merlin-logger.WARNING: Could not find the author for "" (post #68) [] []
[2020-09-13 06:43:58] merlin-logger.DEBUG: Post 68 was imported with author "ishaanprasad", but could not be found [] []
[2020-09-13 06:43:58] merlin-logger.DEBUG: Post 68 was marked for post-processing, but none was required. [] []
[2020-09-13 06:43:58] merlin-logger.DEBUG: Running post-processing for post 69 [] []
[2020-09-13 06:43:58] merlin-logger.WARNING: Could not find the author for "" (post #69) [] []
[2020-09-13 06:43:58] merlin-logger.DEBUG: Post 69 was imported with author "ishaanprasad", but could not be found [] []
[2020-09-13 06:43:58] merlin-logger.DEBUG: Post 69 was marked for post-processing, but none was required. [] []
[2020-09-13 06:43:58] merlin-logger.DEBUG: Running post-processing for post 70 [] []
[2020-09-13 06:43:58] merlin-logger.WARNING: Could not find the author for "" (post #70) [] []
[2020-09-13 06:43:58] merlin-logger.DEBUG: Post 70 was imported with author "ishaanprasad", but could not be found [] []
[2020-09-13 06:43:58] merlin-logger.DEBUG: Post 70 was marked for post-processing, but none was required. [] []
[2020-09-13 06:43:58] merlin-logger.DEBUG: Running post-processing for post 71 [] []
[2020-09-13 06:43:58] merlin-logger.WARNING: Could not find the author for "" (post #71) [] []
[2020-09-13 06:43:58] merlin-logger.DEBUG: Post 71 was imported with author "ishaanprasad", but could not be found [] []
[2020-09-13 06:43:58] merlin-logger.DEBUG: Post 71 was marked for post-processing, but none was required. [] []
[2020-09-13 06:43:58] merlin-logger.DEBUG: Running post-processing for post 84 [] []
[2020-09-13 06:43:58] merlin-logger.WARNING: Could not find the author for "Post Features" (post #84) [] []
[2020-09-13 06:43:58] merlin-logger.DEBUG: Post 84 was imported with author "ishaanprasad", but could not be found [] []
[2020-09-13 06:43:58] merlin-logger.DEBUG: Post 84 was marked for post-processing, but none was required. [] []
[2020-09-13 06:43:58] merlin-logger.DEBUG: Running post-processing for post 86 [] []
[2020-09-13 06:43:58] merlin-logger.WARNING: Could not find the author for "Classic with Sidebar" (post #86) [] []
[2020-09-13 06:43:58] merlin-logger.DEBUG: Post 86 was imported with author "ishaanprasad", but could not be found [] []
[2020-09-13 06:43:58] merlin-logger.DEBUG: Post 86 was marked for post-processing, but none was required. [] []
[2020-09-13 06:43:58] merlin-logger.DEBUG: Running post-processing for post 87 [] []
[2020-09-13 06:43:58] merlin-logger.WARNING: Could not find the author for "Post Formats" (post #87) [] []
[2020-09-13 06:43:58] merlin-logger.DEBUG: Post 87 was imported with author "ishaanprasad", but could not be found [] []
[2020-09-13 06:43:58] merlin-logger.DEBUG: Post 87 was marked for post-processing, but none was required. [] []
[2020-09-13 06:43:58] merlin-logger.DEBUG: Running post-processing for post 88 [] []
[2020-09-13 06:43:58] merlin-logger.WARNING: Could not find the author for "Standard" (post #88) [] []
[2020-09-13 06:43:58] merlin-logger.DEBUG: Post 88 was imported with author "ishaanprasad", but could not be found [] []
[2020-09-13 06:43:58] merlin-logger.DEBUG: Post 88 was marked for post-processing, but none was required. [] []
[2020-09-13 06:43:58] merlin-logger.DEBUG: Running post-processing for post 135 [] []
[2020-09-13 06:43:58] merlin-logger.WARNING: Could not find the author for "Video" (post #135) [] []
[2020-09-13 06:43:58] merlin-logger.DEBUG: Post 135 was imported with author "ishaanprasad", but could not be found [] []
[2020-09-13 06:43:58] merlin-logger.DEBUG: Post 135 was marked for post-processing, but none was required. [] []
[2020-09-13 06:43:58] merlin-logger.DEBUG: Running post-processing for post 136 [] []
[2020-09-13 06:43:58] merlin-logger.WARNING: Could not find the author for "Audio" (post #136) [] []
[2020-09-13 06:43:58] merlin-logger.DEBUG: Post 136 was imported with author "ishaanprasad", but could not be found [] []
[2020-09-13 06:43:58] merlin-logger.DEBUG: Post 136 was marked for post-processing, but none was required. [] []
[2020-09-13 06:43:58] merlin-logger.DEBUG: Running post-processing for post 138 [] []
[2020-09-13 06:43:58] merlin-logger.WARNING: Could not find the author for "Gallery" (post #138) [] []
[2020-09-13 06:43:58] merlin-logger.DEBUG: Post 138 was imported with author "ishaanprasad", but could not be found [] []
[2020-09-13 06:43:58] merlin-logger.DEBUG: Post 138 was marked for post-processing, but none was required. [] []
[2020-09-13 06:43:58] merlin-logger.DEBUG: Running post-processing for post 141 [] []
[2020-09-13 06:43:58] merlin-logger.WARNING: Could not find the author for "Post Pagination" (post #141) [] []
[2020-09-13 06:43:58] merlin-logger.DEBUG: Post 141 was imported with author "ishaanprasad", but could not be found [] []
[2020-09-13 06:43:58] merlin-logger.DEBUG: Post 141 was marked for post-processing, but none was required. [] []
[2020-09-13 06:43:58] merlin-logger.DEBUG: Running post-processing for post 156 [] []
[2020-09-13 06:43:58] merlin-logger.WARNING: Could not find the author for "" (post #156) [] []
[2020-09-13 06:43:58] merlin-logger.DEBUG: Post 156 was imported with author "ishaanprasad", but could not be found [] []
[2020-09-13 06:43:58] merlin-logger.DEBUG: Post 156 was marked for post-processing, but none was required. [] []
[2020-09-13 06:43:58] merlin-logger.DEBUG: Running post-processing for post 222 [] []
[2020-09-13 06:43:58] merlin-logger.WARNING: Could not find the author for "Advertise between posts" (post #222) [] []
[2020-09-13 06:43:58] merlin-logger.DEBUG: Post 222 was imported with author "ishaanprasad", but could not be found [] []
[2020-09-13 06:43:58] merlin-logger.DEBUG: Post 222 was marked for post-processing, but none was required. [] []
[2020-09-13 06:43:58] merlin-logger.DEBUG: Running post-processing for post 240 [] []
[2020-09-13 06:43:58] merlin-logger.WARNING: Could not find the author for "Home" (post #240) [] []
[2020-09-13 06:43:58] merlin-logger.DEBUG: Post 240 was imported with author "ishaanprasad", but could not be found [] []
[2020-09-13 06:43:58] merlin-logger.DEBUG: Post 240 was marked for post-processing, but none was required. [] []
[2020-09-13 06:43:58] merlin-logger.DEBUG: Running post-processing for post 241 [] []
[2020-09-13 06:43:58] merlin-logger.WARNING: Could not find the author for "" (post #241) [] []
[2020-09-13 06:43:58] merlin-logger.DEBUG: Post 241 was imported with author "ishaanprasad", but could not be found [] []
[2020-09-13 06:43:58] merlin-logger.DEBUG: Post 241 was marked for post-processing, but none was required. [] []
[2020-09-13 06:43:58] merlin-logger.DEBUG: Running post-processing for post 242 [] []
[2020-09-13 06:43:58] merlin-logger.WARNING: Could not find the author for "" (post #242) [] []
[2020-09-13 06:43:58] merlin-logger.DEBUG: Post 242 was imported with author "ishaanprasad", but could not be found [] []
[2020-09-13 06:43:58] merlin-logger.DEBUG: Post 242 was marked for post-processing, but none was required. [] []
[2020-09-13 06:43:58] merlin-logger.DEBUG: Running post-processing for post 245 [] []
[2020-09-13 06:43:58] merlin-logger.WARNING: Could not find the author for "Terms and Conditions" (post #245) [] []
[2020-09-13 06:43:58] merlin-logger.DEBUG: Post 245 was imported with author "ishaanprasad", but could not be found [] []
[2020-09-13 06:43:58] merlin-logger.DEBUG: Post 245 was marked for post-processing, but none was required. [] []
[2020-09-13 06:43:58] merlin-logger.DEBUG: Running post-processing for post 367 [] []
[2020-09-13 06:43:58] merlin-logger.WARNING: Could not find the author for "Classic no Sidebar" (post #367) [] []
[2020-09-13 06:43:58] merlin-logger.DEBUG: Post 367 was imported with author "ishaanprasad", but could not be found [] []
[2020-09-13 06:43:58] merlin-logger.DEBUG: Post 367 was marked for post-processing, but none was required. [] []
[2020-09-13 06:43:58] merlin-logger.DEBUG: Running post-processing for post 492 [] []
[2020-09-13 06:43:58] merlin-logger.WARNING: Could not find the author for "" (post #492) [] []
[2020-09-13 06:43:58] merlin-logger.DEBUG: Post 492 was imported with author "ishaanprasad", but could not be found [] []
[2020-09-13 06:43:58] merlin-logger.DEBUG: Post 492 was marked for post-processing, but none was required. [] []
[2020-09-13 06:43:58] merlin-logger.DEBUG: Running post-processing for post 19 [] []
[2020-09-13 06:43:58] merlin-logger.WARNING: Could not find the author for "Features" (post #19) [] []
[2020-09-13 06:43:58] merlin-logger.DEBUG: Post 19 was imported with author "ishaanprasad", but could not be found [] []
[2020-09-13 06:43:58] merlin-logger.DEBUG: Post 19 was marked for post-processing, but none was required. [] []
[2020-09-13 06:43:58] merlin-logger.DEBUG: Running post-processing for post 22 [] []
[2020-09-13 06:43:58] merlin-logger.WARNING: Could not find the author for "Accordions and Tabs" (post #22) [] []
[2020-09-13 06:43:58] merlin-logger.DEBUG: Post 22 was imported with author "ishaanprasad", but could not be found [] []
[2020-09-13 06:43:58] merlin-logger.DEBUG: Post 22 was marked for post-processing, but none was required. [] []
[2020-09-13 06:43:58] merlin-logger.DEBUG: Running post-processing for post 24 [] []
[2020-09-13 06:43:58] merlin-logger.WARNING: Could not find the author for "Alert Messages" (post #24) [] []
[2020-09-13 06:43:58] merlin-logger.DEBUG: Post 24 was imported with author "ishaanprasad", but could not be found [] []
[2020-09-13 06:43:58] merlin-logger.DEBUG: Post 24 was marked for post-processing, but none was required. [] []
[2020-09-13 06:43:58] merlin-logger.DEBUG: Running post-processing for post 26 [] []
[2020-09-13 06:43:58] merlin-logger.WARNING: Could not find the author for "Buttons" (post #26) [] []
[2020-09-13 06:43:58] merlin-logger.DEBUG: Post 26 was imported with author "ishaanprasad", but could not be found [] []
[2020-09-13 06:43:58] merlin-logger.DEBUG: Post 26 was marked for post-processing, but none was required. [] []
[2020-09-13 06:43:58] merlin-logger.DEBUG: Running post-processing for post 28 [] []
[2020-09-13 06:43:58] merlin-logger.WARNING: Could not find the author for "Columns" (post #28) [] []
[2020-09-13 06:43:58] merlin-logger.DEBUG: Post 28 was imported with author "ishaanprasad", but could not be found [] []
[2020-09-13 06:43:58] merlin-logger.DEBUG: Post 28 was marked for post-processing, but none was required. [] []
[2020-09-13 06:43:58] merlin-logger.DEBUG: Running post-processing for post 30 [] []
[2020-09-13 06:43:58] merlin-logger.WARNING: Could not find the author for "Gutenberg Blocks" (post #30) [] []
[2020-09-13 06:43:58] merlin-logger.DEBUG: Post 30 was imported with author "ishaanprasad", but could not be found [] []
[2020-09-13 06:43:58] merlin-logger.DEBUG: Running post-processing for post 43 [] []
[2020-09-13 06:43:58] merlin-logger.WARNING: Could not find the author for "Contact" (post #43) [] []
[2020-09-13 06:43:58] merlin-logger.DEBUG: Post 43 was imported with author "ishaanprasad", but could not be found [] []
[2020-09-13 06:43:58] merlin-logger.DEBUG: Post 43 was marked for post-processing, but none was required. [] []
[2020-09-13 06:43:58] merlin-logger.DEBUG: Running post-processing for post 52 [] []
[2020-09-13 06:43:58] merlin-logger.WARNING: Could not find the author for "Home Category Carousel" (post #52) [] []
[2020-09-13 06:43:58] merlin-logger.DEBUG: Post 52 was imported with author "ishaanprasad", but could not be found [] []
[2020-09-13 06:43:58] merlin-logger.DEBUG: Post 52 was marked for post-processing, but none was required. [] []
[2020-09-13 06:43:58] merlin-logger.DEBUG: Running post-processing for post 55 [] []
[2020-09-13 06:43:58] merlin-logger.WARNING: Could not find the author for "Home Advertising Area" (post #55) [] []
[2020-09-13 06:43:58] merlin-logger.DEBUG: Post 55 was imported with author "ishaanprasad", but could not be found [] []
[2020-09-13 06:43:58] merlin-logger.DEBUG: Post 55 was marked for post-processing, but none was required. [] []
[2020-09-13 06:43:58] merlin-logger.DEBUG: Running post-processing for post 61 [] []
[2020-09-13 06:43:58] merlin-logger.WARNING: Could not find the author for "Home Posts Carousel" (post #61) [] []
[2020-09-13 06:43:58] merlin-logger.DEBUG: Post 61 was imported with author "ishaanprasad", but could not be found [] []
[2020-09-13 06:43:58] merlin-logger.DEBUG: Post 61 was marked for post-processing, but none was required. [] []
[2020-09-13 06:43:58] merlin-logger.DEBUG: Running post-processing for post 64 [] []
[2020-09-13 06:43:58] merlin-logger.WARNING: Could not find the author for "Home Grid: 3 Columns" (post #64) [] []
[2020-09-13 06:43:58] merlin-logger.DEBUG: Post 64 was imported with author "ishaanprasad", but could not be found [] []
[2020-09-13 06:43:58] merlin-logger.DEBUG: Post 64 was marked for post-processing, but none was required. [] []
[2020-09-13 06:43:58] merlin-logger.DEBUG: Running post-processing for post 149 [] []
[2020-09-13 06:43:58] merlin-logger.WARNING: Could not find the author for "Home Grid with Sidebar" (post #149) [] []
[2020-09-13 06:43:58] merlin-logger.DEBUG: Post 149 was imported with author "ishaanprasad", but could not be found [] []
[2020-09-13 06:43:58] merlin-logger.DEBUG: Post 149 was marked for post-processing, but none was required. [] []
[2020-09-13 06:43:58] merlin-logger.DEBUG: Running post-processing for post 513 [] []
[2020-09-13 06:43:58] merlin-logger.WARNING: Could not find the author for "" (post #513) [] []
[2020-09-13 06:43:58] merlin-logger.DEBUG: Post 513 was imported with author "ishaanprasad", but could not be found [] []
[2020-09-13 06:43:58] merlin-logger.DEBUG: Post 513 was marked for post-processing, but none was required. [] []
[2020-09-13 06:43:58] merlin-logger.DEBUG: Running post-processing for post 514 [] []
[2020-09-13 06:43:58] merlin-logger.WARNING: Could not find the author for "" (post #514) [] []
[2020-09-13 06:43:58] merlin-logger.DEBUG: Post 514 was imported with author "ishaanprasad", but could not be found [] []
[2020-09-13 06:43:58] merlin-logger.DEBUG: Post 514 was marked for post-processing, but none was required. [] []
[2020-09-13 06:43:58] merlin-logger.DEBUG: Running post-processing for post 531 [] []
[2020-09-13 06:43:58] merlin-logger.WARNING: Could not find the author for "Fullwidth with Sidebar" (post #531) [] []
[2020-09-13 06:43:58] merlin-logger.DEBUG: Post 531 was imported with author "ishaanprasad", but could not be found [] []
[2020-09-13 06:43:58] merlin-logger.DEBUG: Post 531 was marked for post-processing, but none was required. [] []
[2020-09-13 06:43:58] merlin-logger.DEBUG: Running post-processing for post 534 [] []
[2020-09-13 06:43:58] merlin-logger.WARNING: Could not find the author for "Fullwidth no Sidebar" (post #534) [] []
[2020-09-13 06:43:58] merlin-logger.DEBUG: Post 534 was imported with author "ishaanprasad", but could not be found [] []
[2020-09-13 06:43:58] merlin-logger.DEBUG: Post 534 was marked for post-processing, but none was required. [] []
[2020-09-13 06:43:58] merlin-logger.DEBUG: Running post-processing for post 540 [] []
[2020-09-13 06:43:58] merlin-logger.WARNING: Could not find the author for "" (post #540) [] []
[2020-09-13 06:43:58] merlin-logger.DEBUG: Post 540 was imported with author "ishaanprasad", but could not be found [] []
[2020-09-13 06:43:58] merlin-logger.DEBUG: Post 540 was marked for post-processing, but none was required. [] []
[2020-09-13 06:43:58] merlin-logger.DEBUG: Running post-processing for post 552 [] []
[2020-09-13 06:43:58] merlin-logger.WARNING: Could not find the author for "Author" (post #552) [] []
[2020-09-13 06:43:58] merlin-logger.DEBUG: Post 552 was imported with author "ishaanprasad", but could not be found [] []
[2020-09-13 06:43:58] merlin-logger.DEBUG: Post 552 was marked for post-processing, but none was required. [] []
[2020-09-13 06:43:58] merlin-logger.DEBUG: Running post-processing for post 580 [] []
[2020-09-13 06:43:58] merlin-logger.WARNING: Could not find the author for "AMP Home" (post #580) [] []
[2020-09-13 06:43:58] merlin-logger.DEBUG: Post 580 was imported with author "ishaanprasad", but could not be found [] []
[2020-09-13 06:43:58] merlin-logger.DEBUG: Post 580 was marked for post-processing, but none was required. [] []
[2020-09-13 06:43:58] merlin-logger.DEBUG: Running post-processing for post 581 [] []
[2020-09-13 06:43:58] merlin-logger.WARNING: Could not find the author for "AMP Article" (post #581) [] []
[2020-09-13 06:43:58] merlin-logger.DEBUG: Post 581 was imported with author "ishaanprasad", but could not be found [] []
[2020-09-13 06:43:58] merlin-logger.DEBUG: Post 581 was marked for post-processing, but none was required. [] []
[2020-09-13 06:43:58] merlin-logger.DEBUG: Running post-processing for post 582 [] []
[2020-09-13 06:43:58] merlin-logger.WARNING: Could not find the author for "Contact form 1" (post #582) [] []
[2020-09-13 06:43:58] merlin-logger.DEBUG: Post 582 was imported with author "ishaanprasad", but could not be found [] []
[2020-09-13 06:43:58] merlin-logger.DEBUG: Post 582 was marked for post-processing, but none was required. [] []
[2020-09-13 06:43:58] merlin-logger.DEBUG: Running post-processing for post 6 [] []
[2020-09-13 06:43:58] merlin-logger.WARNING: Could not find the author for "The spectacle before us was indeed sublime" (post #6) [] []
[2020-09-13 06:43:58] merlin-logger.DEBUG: Post 6 was imported with author "ishaanprasad", but could not be found [] []
[2020-09-13 06:43:58] merlin-logger.DEBUG: Running post-processing for post 12 [] []
[2020-09-13 06:43:58] merlin-logger.WARNING: Could not find the author for "Apps &#038; integrations" (post #12) [] []
[2020-09-13 06:43:58] merlin-logger.DEBUG: Post 12 was imported with author "ishaanprasad", but could not be found [] []
[2020-09-13 06:43:58] merlin-logger.DEBUG: Post 12 was marked for post-processing, but none was required. [] []
[2020-09-13 06:43:58] merlin-logger.DEBUG: Running post-processing for post 76 [] []
[2020-09-13 06:43:58] merlin-logger.WARNING: Could not find the author for "Far far away, behind the word mountains" (post #76) [] []
[2020-09-13 06:43:58] merlin-logger.DEBUG: Post 76 was imported with author "ishaanprasad", but could not be found [] []
[2020-09-13 06:43:58] merlin-logger.DEBUG: Post 76 was marked for post-processing, but none was required. [] []
[2020-09-13 06:43:58] merlin-logger.DEBUG: Running post-processing for post 80 [] []
[2020-09-13 06:43:58] merlin-logger.WARNING: Could not find the author for "A small river named Duden flows by their place" (post #80) [] []
[2020-09-13 06:43:58] merlin-logger.DEBUG: Post 80 was imported with author "ishaanprasad", but could not be found [] []
[2020-09-13 06:43:58] merlin-logger.DEBUG: Post 80 was marked for post-processing, but none was required. [] []
[2020-09-13 06:43:58] merlin-logger.DEBUG: Running post-processing for post 89 [] []
[2020-09-13 06:43:58] merlin-logger.WARNING: Could not find the author for "5 Spanish Cities that will make you fall in Love" (post #89) [] []
[2020-09-13 06:43:58] merlin-logger.DEBUG: Post 89 was imported with author "ishaanprasad", but could not be found [] []
[2020-09-13 06:43:58] merlin-logger.DEBUG: Post 89 was marked for post-processing, but none was required. [] []
[2020-09-13 06:43:58] merlin-logger.DEBUG: Running post-processing for post 98 [] []
[2020-09-13 06:43:58] merlin-logger.WARNING: Could not find the author for "These Are The 10 Best Restaurants in The World" (post #98) [] []
[2020-09-13 06:43:58] merlin-logger.DEBUG: Post 98 was imported with author "ishaanprasad", but could not be found [] []
[2020-09-13 06:43:58] merlin-logger.DEBUG: Post 98 was marked for post-processing, but none was required. [] []
[2020-09-13 06:43:58] merlin-logger.DEBUG: Running post-processing for post 100 [] []
[2020-09-13 06:43:58] merlin-logger.WARNING: Could not find the author for "Top 10 old rock songs from the 80&#8217;s" (post #100) [] []
[2020-09-13 06:43:58] merlin-logger.DEBUG: Post 100 was imported with author "ishaanprasad", but could not be found [] []
[2020-09-13 06:43:58] merlin-logger.DEBUG: Post 100 was marked for post-processing, but none was required. [] []
[2020-09-13 06:43:58] merlin-logger.DEBUG: Running post-processing for post 123 [] []
[2020-09-13 06:43:58] merlin-logger.WARNING: Could not find the author for "Forest Sketch: Digital Painting Process" (post #123) [] []
[2020-09-13 06:43:58] merlin-logger.DEBUG: Post 123 was imported with author "ishaanprasad", but could not be found [] []
[2020-09-13 06:43:58] merlin-logger.DEBUG: Post 123 was marked for post-processing, but none was required. [] []
[2020-09-13 06:43:58] merlin-logger.DEBUG: Running post-processing for post 144 [] []
[2020-09-13 06:43:58] merlin-logger.WARNING: Could not find the author for "The meaning of health has evolved over time" (post #144) [] []
[2020-09-13 06:43:58] merlin-logger.DEBUG: Post 144 was imported with author "ishaanprasad", but could not be found [] []
[2020-09-13 06:43:58] merlin-logger.DEBUG: Post 144 was marked for post-processing, but none was required. [] []
[2020-09-13 06:43:58] merlin-logger.DEBUG: Running post-processing for post 152 [] []
[2020-09-13 06:43:58] merlin-logger.WARNING: Could not find the author for "Home Grid: 4 Columns" (post #152) [] []
[2020-09-13 06:43:58] merlin-logger.DEBUG: Post 152 was imported with author "ishaanprasad", but could not be found [] []
[2020-09-13 06:43:58] merlin-logger.DEBUG: Post 152 was marked for post-processing, but none was required. [] []
[2020-09-13 06:43:58] merlin-logger.DEBUG: Running post-processing for post 168 [] []
[2020-09-13 06:43:58] merlin-logger.WARNING: Could not find the author for "3 ideas to keep you healthy and strong" (post #168) [] []
[2020-09-13 06:43:58] merlin-logger.DEBUG: Post 168 was imported with author "ishaanprasad", but could not be found [] []
[2020-09-13 06:43:58] merlin-logger.DEBUG: Post 168 was marked for post-processing, but none was required. [] []
[2020-09-13 06:43:58] merlin-logger.DEBUG: Running post-processing for post 185 [] []
[2020-09-13 06:43:58] merlin-logger.WARNING: Could not find the author for "Musical improvisation is the spontaneous music" (post #185) [] []
[2020-09-13 06:43:58] merlin-logger.DEBUG: Post 185 was imported with author "ishaanprasad", but could not be found [] []
[2020-09-13 06:43:58] merlin-logger.DEBUG: Post 185 was marked for post-processing, but none was required. [] []
[2020-09-13 06:43:58] merlin-logger.DEBUG: Running post-processing for post 479 [] []
[2020-09-13 06:43:58] merlin-logger.WARNING: Could not find the author for "Home Posts Slider" (post #479) [] []
[2020-09-13 06:43:58] merlin-logger.DEBUG: Post 479 was imported with author "ishaanprasad", but could not be found [] []
[2020-09-13 06:43:58] merlin-logger.DEBUG: Post 479 was marked for post-processing, but none was required. [] []
[2020-09-13 06:43:58] merlin-logger.DEBUG: Running post-processing for post 510 [] []
[2020-09-13 06:43:58] merlin-logger.WARNING: Could not find the author for "Home Grid: 2 Columns" (post #510) [] []
[2020-09-13 06:43:58] merlin-logger.DEBUG: Post 510 was imported with author "ishaanprasad", but could not be found [] []
[2020-09-13 06:43:58] merlin-logger.DEBUG: Post 510 was marked for post-processing, but none was required. [] []
[2020-09-13 06:43:58] merlin-logger.DEBUG: Running post-processing for post 537 [] []
[2020-09-13 06:43:58] merlin-logger.WARNING: Could not find the author for "Home Minimal" (post #537) [] []
[2020-09-13 06:43:58] merlin-logger.DEBUG: Post 537 was imported with author "ishaanprasad", but could not be found [] []
[2020-09-13 06:43:58] merlin-logger.DEBUG: Post 537 was marked for post-processing, but none was required. [] []
[2020-09-13 06:43:58] merlin-logger.INFO: Starting remapping of featured images [] []
[2020-09-13 06:43:58] merlin-logger.INFO: The content import AJAX call will be executed with this import data {"title":"Widgets","data":"/var/www/html/wp-content/themes/veen/functions/import/widgets.wie"} []
[2020-09-13 06:43:58] merlin-logger.DEBUG: Article Sidebar :   (EP) Recent Posts with image - Recent posts - Imported Tag Cloud - Tag Cloud - Imported (EP) Recent Tweets - Recent Tweets - Imported (EP) Social - Social - Imported  Home Sidebar :   (EP) Recent Posts with image - Popular Posts - Imported (EP) Tag Cloud - Tag Cloud - Imported Archives - Archives - Imported (EP) Social - Social Profiles - Imported (EP) Fluid Ads - Advertising - Imported  Footer :   (EP) Recent Posts with image - Popular Articles - Imported Tag Cloud - Tag Cloud - Imported Navigation Menu - Menu - Imported (EP) Gallery - Gallery - Imported  contact-sidebar : Sidebar does not exist in theme (moving widget to Inactive)  (EP) Recent Posts with image - Recent posts - Imported to Inactive (EP) Tag Cloud - Tag Cloud - Imported to Inactive (EP) Social - Social - Imported to Inactive   [] []
[2020-09-13 06:43:58] merlin-logger.INFO: The content import AJAX call will be executed with this import data {"title":"Theme Options","data":[{"file_path":"/var/www/html/wp-content/themes/veen/functions/import/csf-options.json","option_name":"epcl_theme"}]} []
[2020-09-13 06:43:58] merlin-logger.DEBUG: The CSF Framework data was imported {"file_path":"/var/www/html/wp-content/themes/veen/functions/import/csf-options.json","option_name":"epcl_theme"} []
[2020-09-13 06:43:59] merlin-logger.INFO: The content import AJAX call will be executed with this import data {"title":"After import setup","data":0} []
[2020-09-13 06:44:03] merlin-logger.DEBUG: The final step has been displayed [] []
[2020-09-13 08:08:46] merlin-logger.DEBUG: The welcome step has been displayed [] []
[2020-09-20 12:38:53] merlin-logger.DEBUG: The welcome step has been displayed [] []
[2020-11-07 08:48:47] merlin-logger.DEBUG: The welcome step has been displayed [] []
[2021-02-14 23:40:55] merlin-logger.DEBUG: The welcome step has been displayed [] []
[2021-04-15 04:57:35] merlin-logger.DEBUG: The welcome step has been displayed [] []
